C:\Program Files (x86)\MSBuild\Microsoft.Cpp\v4.0\V140\Microsoft.CppBuild.targets(368,5): warning MSB8004: Output Directory does not end with a trailing slash.  This build instance will add the slash as it is required to allow proper evaluation of the Output Directory.
  abreviacion.cpp
..\..\abbreviation\abreviacion.cpp(14): error C2653: 'nlohmann': no es un nombre de clase o espacio de nombres
..\..\abbreviation\abreviacion.cpp(14): error C2061: error de sintaxis: identificador 'json'
..\..\abbreviation\abreviacion.cpp(26): error C4430: falta el especificador de tipo; se presupone int. Nota: C++ no admite default-int
..\..\abbreviation\abreviacion.cpp(26): error C2146: error de sintaxis: falta ';' delante del identificador 'AbreviarArchivo'
..\..\abbreviation\abreviacion.cpp(26): error C2143: error de sintaxis: falta ';' delante de '{'
..\..\abbreviation\abreviacion.cpp(26): error C2447: '{': falta el encabezado de función (¿lista formal de estilo anterior?)
  numericalRepresentation.cpp
..\..\numericalRepresentation\numericalRepresentation.cpp(103): warning C4244: '=': conversión de 'double' a 'long'; posible pérdida de datos
..\..\numericalRepresentation\numericalRepresentation.cpp(54): warning C4996: 'sscanf': This function or variable may be unsafe. Consider using sscanf_s instead. To disable deprecation, use _CRT_SECURE_NO_WARNINGS. See online help for details.
  C:\Program Files (x86)\Windows Kits\10\Include\10.0.10240.0\ucrt\stdio.h(2254): note: vea la declaración de 'sscanf'
..\..\numericalRepresentation\numericalRepresentation.cpp(73): warning C4996: 'sscanf': This function or variable may be unsafe. Consider using sscanf_s instead. To disable deprecation, use _CRT_SECURE_NO_WARNINGS. See online help for details.
  C:\Program Files (x86)\Windows Kits\10\Include\10.0.10240.0\ucrt\stdio.h(2254): note: vea la declaración de 'sscanf'
..\..\numericalRepresentation\numericalRepresentation.cpp(88): warning C4477: 'fprintf' : la cadena de formato '%s' requiere un argumento de tipo 'char *', pero el argumento variádico 1 tiene el tipo 'std::string'
..\..\numericalRepresentation\numericalRepresentation.cpp(93): warning C4477: 'fprintf' : la cadena de formato '%s' requiere un argumento de tipo 'char *', pero el argumento variádico 1 tiene el tipo 'std::string'
..\..\numericalRepresentation\numericalRepresentation.cpp(104): warning C4477: 'fprintf' : la cadena de formato '%s' requiere un argumento de tipo 'char *', pero el argumento variádico 1 tiene el tipo 'std::string'
..\..\numericalRepresentation\numericalRepresentation.cpp(109): warning C4477: 'fprintf' : la cadena de formato '%s' requiere un argumento de tipo 'char *', pero el argumento variádico 1 tiene el tipo 'std::string'
  unitsDeteccion.cpp
..\..\unitsDeteccion\unitsDeteccion.cpp(30): warning C4996: 'sscanf': This function or variable may be unsafe. Consider using sscanf_s instead. To disable deprecation, use _CRT_SECURE_NO_WARNINGS. See online help for details.
  C:\Program Files (x86)\Windows Kits\10\Include\10.0.10240.0\ucrt\stdio.h(2254): note: vea la declaración de 'sscanf'
..\..\unitsDeteccion\unitsDeteccion.cpp(55): warning C4996: 'sscanf': This function or variable may be unsafe. Consider using sscanf_s instead. To disable deprecation, use _CRT_SECURE_NO_WARNINGS. See online help for details.
  C:\Program Files (x86)\Windows Kits\10\Include\10.0.10240.0\ucrt\stdio.h(2254): note: vea la declaración de 'sscanf'
  utilities.cpp
..\..\utilities\utilities.cpp(112): warning C4267: 'return': conversión de 'size_t' a 'int'; posible pérdida de datos
..\..\utilities\utilities.cpp(115): warning C4267: 'return': conversión de 'size_t' a 'int'; posible pérdida de datos
..\..\utilities\utilities.cpp(123): warning C4267: 'return': conversión de 'size_t' a 'int'; posible pérdida de datos
..\..\utilities\utilities.cpp(149): warning C4996: 'sscanf': This function or variable may be unsafe. Consider using sscanf_s instead. To disable deprecation, use _CRT_SECURE_NO_WARNINGS. See online help for details.
  C:\Program Files (x86)\Windows Kits\10\Include\10.0.10240.0\ucrt\stdio.h(2254): note: vea la declaración de 'sscanf'
..\..\utilities\utilities.cpp(165): warning C4996: 'sscanf': This function or variable may be unsafe. Consider using sscanf_s instead. To disable deprecation, use _CRT_SECURE_NO_WARNINGS. See online help for details.
  C:\Program Files (x86)\Windows Kits\10\Include\10.0.10240.0\ucrt\stdio.h(2254): note: vea la declaración de 'sscanf'
..\..\utilities\utilities.cpp(171): warning C4996: 'sscanf': This function or variable may be unsafe. Consider using sscanf_s instead. To disable deprecation, use _CRT_SECURE_NO_WARNINGS. See online help for details.
  C:\Program Files (x86)\Windows Kits\10\Include\10.0.10240.0\ucrt\stdio.h(2254): note: vea la declaración de 'sscanf'
..\..\utilities\utilities.cpp(187): warning C4996: 'sscanf': This function or variable may be unsafe. Consider using sscanf_s instead. To disable deprecation, use _CRT_SECURE_NO_WARNINGS. See online help for details.
  C:\Program Files (x86)\Windows Kits\10\Include\10.0.10240.0\ucrt\stdio.h(2254): note: vea la declaración de 'sscanf'
..\..\utilities\utilities.cpp(193): warning C4996: 'sscanf': This function or variable may be unsafe. Consider using sscanf_s instead. To disable deprecation, use _CRT_SECURE_NO_WARNINGS. See online help for details.
  C:\Program Files (x86)\Windows Kits\10\Include\10.0.10240.0\ucrt\stdio.h(2254): note: vea la declaración de 'sscanf'
..\..\utilities\utilities.cpp(199): warning C4996: 'sscanf': This function or variable may be unsafe. Consider using sscanf_s instead. To disable deprecation, use _CRT_SECURE_NO_WARNINGS. See online help for details.
  C:\Program Files (x86)\Windows Kits\10\Include\10.0.10240.0\ucrt\stdio.h(2254): note: vea la declaración de 'sscanf'
..\..\utilities\utilities.cpp(207): warning C4996: 'sscanf': This function or variable may be unsafe. Consider using sscanf_s instead. To disable deprecation, use _CRT_SECURE_NO_WARNINGS. See online help for details.
  C:\Program Files (x86)\Windows Kits\10\Include\10.0.10240.0\ucrt\stdio.h(2254): note: vea la declaración de 'sscanf'
  main.cpp
main.cpp(60): error C3861: 'AbreviarArchivo': no se encontró el identificador
