  Source.cpp
Source.cpp(34): warning C4996: 'sscanf': This function or variable may be unsafe. Consider using sscanf_s instead. To disable deprecation, use _CRT_SECURE_NO_WARNINGS. See online help for details.
  C:\Program Files (x86)\Windows Kits\10\Include\10.0.10240.0\ucrt\stdio.h(2254): note: vea la declaración de 'sscanf'
Source.cpp(55): warning C4996: 'sscanf': This function or variable may be unsafe. Consider using sscanf_s instead. To disable deprecation, use _CRT_SECURE_NO_WARNINGS. See online help for details.
  C:\Program Files (x86)\Windows Kits\10\Include\10.0.10240.0\ucrt\stdio.h(2254): note: vea la declaración de 'sscanf'
Source.cpp(62): warning C4996: 'sscanf': This function or variable may be unsafe. Consider using sscanf_s instead. To disable deprecation, use _CRT_SECURE_NO_WARNINGS. See online help for details.
  C:\Program Files (x86)\Windows Kits\10\Include\10.0.10240.0\ucrt\stdio.h(2254): note: vea la declaración de 'sscanf'
Source.cpp(63): warning C4996: 'sscanf': This function or variable may be unsafe. Consider using sscanf_s instead. To disable deprecation, use _CRT_SECURE_NO_WARNINGS. See online help for details.
  C:\Program Files (x86)\Windows Kits\10\Include\10.0.10240.0\ucrt\stdio.h(2254): note: vea la declaración de 'sscanf'
Source.cpp(87): warning C4996: 'sscanf': This function or variable may be unsafe. Consider using sscanf_s instead. To disable deprecation, use _CRT_SECURE_NO_WARNINGS. See online help for details.
  C:\Program Files (x86)\Windows Kits\10\Include\10.0.10240.0\ucrt\stdio.h(2254): note: vea la declaración de 'sscanf'
Source.cpp(191): warning C4305: 'argumento': truncamiento de 'int' a 'char'
Source.cpp(191): warning C4309: 'argumento': truncamiento de valor constante
Source.cpp(199): warning C4305: 'argumento': truncamiento de 'int' a 'char'
Source.cpp(199): warning C4309: 'argumento': truncamiento de valor constante
Source.cpp(205): warning C4305: 'argumento': truncamiento de 'int' a 'char'
Source.cpp(205): warning C4309: 'argumento': truncamiento de valor constante
  Generando código
  5 of 972 functions ( 0.5%) were compiled, the rest were copied from previous compilation.
    0 functions were new in current compilation
    2 functions had inline decision re-evaluated but remain unchanged
  Generación de código finalizada
  unitDeteccion.vcxproj -> C:\Users\toby\Desktop\unitDeteccion\x64\Release\unitDeteccion.exe
  unitDeteccion.vcxproj -> C:\Users\toby\Desktop\unitDeteccion\x64\Release\unitDeteccion.pdb (Full PDB)
